[    0.000000] Initializing cgroup subsys cpuset
[    0.000000] Initializing cgroup subsys cpu
[    0.000000] Initializing cgroup subsys cpuacct
[    0.000000] Linux version 4.4.0-169-generic (buildd@lgw01-amd64-038) (gcc version 5.4.0 20160609 (Ubuntu 5.4.0-6ubuntu1~16.04.12) ) #198-Ubuntu SMP Tue Nov 12 10:38:00 UTC 2019 (Ubuntu 4.4.0-169.198-generic 4.4.197)
[    0.000000] Command line: BOOT_IMAGE=/boot/vmlinuz-4.4.0-169-generic root=LABEL=cloudimg-rootfs ro console=tty1 console=ttyS0
[    0.000000] KERNEL supported cpus:
[    0.000000]   Intel GenuineIntel
[    0.000000]   AMD AuthenticAMD
[    0.000000]   Centaur CentaurHauls
[    0.000000] x86/fpu: xstate_offset[2]:  576, xstate_sizes[2]:  256
[    0.000000] x86/fpu: Supporting XSAVE feature 0x01: 'x87 floating point registers'
[    0.000000] x86/fpu: Supporting XSAVE feature 0x02: 'SSE registers'
[    0.000000] x86/fpu: Supporting XSAVE feature 0x04: 'AVX registers'
[    0.000000] x86/fpu: Enabled xstate features 0x7, context size is 832 bytes, using 'standard' format.
[    0.000000] e820: BIOS-provided physical RAM map:
[    0.000000] BIOS-e820: [mem 0x0000000000000000-0x000000000009fbff] usable
[    0.000000] BIOS-e820: [mem 0x000000000009fc00-0x000000000009ffff] reserved
[    0.000000] BIOS-e820: [mem 0x00000000000f0000-0x00000000000fffff] reserved
[    0.000000] BIOS-e820: [mem 0x0000000000100000-0x000000003ffeffff] usable
[    0.000000] BIOS-e820: [mem 0x000000003fff0000-0x000000003fffffff] ACPI data
[    0.000000] BIOS-e820: [mem 0x00000000fec00000-0x00000000fec00fff] reserved
[    0.000000] BIOS-e820: [mem 0x00000000fee00000-0x00000000fee00fff] reserved
[    0.000000] BIOS-e820: [mem 0x00000000fffc0000-0x00000000ffffffff] reserved
[    0.000000] NX (Execute Disable) protection: active
[    0.000000] SMBIOS 2.5 present.
[    0.000000] Hypervisor detected: KVM
[    0.000000] e820: last_pfn = 0x3fff0 max_arch_pfn = 0x400000000
[    0.000000] MTRR: Disabled
[    0.000000] x86/PAT: MTRRs disabled, skipping PAT initialization too.
[    0.000000] CPU MTRRs all blank - virtualized system.
[    0.000000] x86/PAT: Configuration [0-7]: WB  WT  UC- UC  WB  WT  UC- UC  
[    0.000000] found SMP MP-table at [mem 0x0009fff0-0x0009ffff] mapped at [ffff88000009fff0]
[    0.000000] Scanning 1 areas for low memory corruption
[    0.000000] RAMDISK: [mem 0x362f2000-0x37170fff]
[    0.000000] ACPI: Early table checksum verification disabled
[    0.000000] ACPI: RSDP 0x00000000000E0000 000024 (v02 VBOX  )
[    0.000000] ACPI: XSDT 0x000000003FFF0030 00003C (v01 VBOX   VBOXXSDT 00000001 ASL  00000061)
[    0.000000] ACPI: FACP 0x000000003FFF00F0 0000F4 (v04 VBOX   VBOXFACP 00000001 ASL  00000061)
[    0.000000] ACPI: DSDT 0x000000003FFF0470 0022EA (v02 VBOX   VBOXBIOS 00000002 INTL 20100528)
[    0.000000] ACPI: FACS 0x000000003FFF0200 000040
[    0.000000] ACPI: FACS 0x000000003FFF0200 000040
[    0.000000] ACPI: APIC 0x000000003FFF0240 00005C (v02 VBOX   VBOXAPIC 00000001 ASL  00000061)
[    0.000000] ACPI: SSDT 0x000000003FFF02A0 0001CC (v01 VBOX   VBOXCPUT 00000002 INTL 20100528)
[    0.000000] No NUMA configuration found
[    0.000000] Faking a node at [mem 0x0000000000000000-0x000000003ffeffff]
[    0.000000] NODE_DATA(0) allocated [mem 0x3ffeb000-0x3ffeffff]
[    0.000000] kvm-clock: Using msrs 4b564d01 and 4b564d00
[    0.000000] kvm-clock: cpu 0, msr 0:3ffe3001, primary cpu clock
[    0.000000] kvm-clock: using sched offset of 3890807878 cycles
[    0.000000] clocksource: kvm-clock: mask: 0xffffffffffffffff max_cycles: 0x1cd42e4dffb, max_idle_ns: 881590591483 ns
[    0.000000] Zone ranges:
[    0.000000]   DMA      [mem 0x0000000000001000-0x0000000000ffffff]
[    0.000000]   DMA32    [mem 0x0000000001000000-0x000000003ffeffff]
[    0.000000]   Normal   empty
[    0.000000]   Device   empty
[    0.000000] Movable zone start for each node
[    0.000000] Early memory node ranges
[    0.000000]   node   0: [mem 0x0000000000001000-0x000000000009efff]
[    0.000000]   node   0: [mem 0x0000000000100000-0x000000003ffeffff]
[    0.000000] Initmem setup node 0 [mem 0x0000000000001000-0x000000003ffeffff]
[    0.000000] ACPI: PM-Timer IO Port: 0x4008
[    0.000000] IOAPIC[0]: apic_id 2, version 32, address 0xfec00000, GSI 0-23
[    0.000000] ACPI: INT_SRC_OVR (bus 0 bus_irq 0 global_irq 2 dfl dfl)
[    0.000000] ACPI: INT_SRC_OVR (bus 0 bus_irq 9 global_irq 9 low level)
[    0.000000] Using ACPI (MADT) for SMP configuration information
[    0.000000] smpboot: Allowing 2 CPUs, 0 hotplug CPUs
[    0.000000] PM: Registered nosave memory: [mem 0x00000000-0x00000fff]
[    0.000000] PM: Registered nosave memory: [mem 0x0009f000-0x0009ffff]
[    0.000000] PM: Registered nosave memory: [mem 0x000a0000-0x000effff]
[    0.000000] PM: Registered nosave memory: [mem 0x000f0000-0x000fffff]
[    0.000000] e820: [mem 0x40000000-0xfebfffff] available for PCI devices
[    0.000000] Booting paravirtualized kernel on KVM
[    0.000000] clocksource: refined-jiffies: mask: 0xffffffff max_cycles: 0xffffffff, max_idle_ns: 7645519600211568 ns
[    0.000000] setup_percpu: NR_CPUS:512 nr_cpumask_bits:512 nr_cpu_ids:2 nr_node_ids:1
[    0.000000] PERCPU: Embedded 33 pages/cpu @ffff88003fc00000 s95448 r8192 d31528 u1048576
[    0.000000] Built 1 zonelists in Node order, mobility grouping on.  Total pages: 257912
[    0.000000] Policy zone: DMA32
[    0.000000] Kernel command line: BOOT_IMAGE=/boot/vmlinuz-4.4.0-169-generic root=LABEL=cloudimg-rootfs ro console=tty1 console=ttyS0
[    0.000000] PID hash table entries: 4096 (order: 3, 32768 bytes)
[    0.000000] Memory: 997712K/1048120K available (8623K kernel code, 1336K rwdata, 4036K rodata, 1488K init, 1288K bss, 50408K reserved, 0K cma-reserved)
[    0.000000] SLUB: HWalign=64, Order=0-3, MinObjects=0, CPUs=2, Nodes=1
[    0.000000] Kernel/User page tables isolation: enabled
[    0.000000] Hierarchical RCU implementation.
[    0.000000] 	Build-time adjustment of leaf fanout to 64.
[    0.000000] 	RCU restricting CPUs from NR_CPUS=512 to nr_cpu_ids=2.
[    0.000000] RCU: Adjusting geometry for rcu_fanout_leaf=64, nr_cpu_ids=2
[    0.000000] NR_IRQS:33024 nr_irqs:440 16
[    0.000000] Console: colour VGA+ 80x25
[    0.000000] console [tty1] enabled
[    0.000000] console [ttyS0] enabled
[    0.000000] tsc: Detected 2399.996 MHz processor
[    0.286424] Calibrating delay loop (skipped) preset value.. 4799.99 BogoMIPS (lpj=9599984)
[    0.289472] pid_max: default: 32768 minimum: 301
[    0.291329] ACPI: Core revision 20150930
[    0.295656] ACPI: 2 ACPI AML tables successfully acquired and loaded
[    0.299933] Security Framework initialized
[    0.301743] Yama: becoming mindful.
[    0.303280] AppArmor: AppArmor initialized
[    0.304670] Dentry cache hash table entries: 131072 (order: 8, 1048576 bytes)
[    0.311610] Inode-cache hash table entries: 65536 (order: 7, 524288 bytes)
[    0.315468] Mount-cache hash table entries: 2048 (order: 2, 16384 bytes)
[    0.317926] Mountpoint-cache hash table entries: 2048 (order: 2, 16384 bytes)
[    0.320894] Initializing cgroup subsys io
[    0.322644] Initializing cgroup subsys memory
[    0.324433] Initializing cgroup subsys devices
[    0.326230] Initializing cgroup subsys freezer
[    0.327740] Initializing cgroup subsys net_cls
[    0.329370] Initializing cgroup subsys perf_event
[    0.331082] Initializing cgroup subsys net_prio
[    0.333037] Initializing cgroup subsys hugetlb
[    0.334904] Initializing cgroup subsys pids
[    0.337564] mce: CPU supports 0 MCE banks
[    0.339272] Last level iTLB entries: 4KB 64, 2MB 8, 4MB 8
[    0.341184] Last level dTLB entries: 4KB 64, 2MB 0, 4MB 0, 1GB 4
[    0.342866] Spectre V1 : Mitigation: usercopy/swapgs barriers and __user pointer sanitization
[    0.345996] Spectre V2 : Mitigation: Full generic retpoline
[    0.349515] Spectre V2 : Spectre v2 / SpectreRSB mitigation: Filling RSB on context switch
[    0.352928] Speculative Store Bypass: Vulnerable
[    0.354891] MDS: Vulnerable: Clear CPU buffers attempted, no microcode
[    0.361569] Freeing SMP alternatives memory: 36K
[    0.374708] ftrace: allocating 32301 entries in 127 pages
[    0.478224] smpboot: APIC(0) Converting physical 0 to logical package 0
[    0.481806] smpboot: Max logical packages: 1
[    0.484279] x2apic enabled
[    0.486230] Switched APIC routing to physical x2apic.
[    0.490618] ..TIMER: vector=0x30 apic1=0 pin1=2 apic2=-1 pin2=-1
[    0.601087] smpboot: CPU0: Intel(R) Core(TM) i5-6200U CPU @ 2.30GHz (family: 0x6, model: 0x4e, stepping: 0x3)
[    0.604178] Performance Events: unsupported p6 CPU model 78 no PMU driver, software events only.
[    0.621692] KVM setup paravirtual spinlock
[    0.623749] x86: Booting SMP configuration:
[    0.625013] .... node  #0, CPUs:      #1
[    0.626663] kvm-clock: cpu 1, msr 0:3ffe3041, secondary cpu clock
[    0.629757] mce: CPU supports 0 MCE banks
[    0.632854] x86: Booted up 1 node, 2 CPUs
[    0.635508] smpboot: Total of 2 processors activated (9599.98 BogoMIPS)
[    0.638650] devtmpfs: initialized
[    0.643149] evm: security.selinux
[    0.644682] evm: security.SMACK64
[    0.646380] evm: security.SMACK64EXEC
[    0.649821] evm: security.SMACK64TRANSMUTE
[    0.651622] evm: security.SMACK64MMAP
[    0.653512] evm: security.ima
[    0.654826] evm: security.capability
[    0.656186] clocksource: jiffies: mask: 0xffffffff max_cycles: 0xffffffff, max_idle_ns: 7645041785100000 ns
[    0.659651] futex hash table entries: 512 (order: 3, 32768 bytes)
[    0.662557] pinctrl core: initialized pinctrl subsystem
[    0.665855] RTC time: 20:11:41, date: 11/30/19
[    0.668298] NET: Registered protocol family 16
[    0.683085] cpuidle: using governor ladder
[    0.695658] cpuidle: using governor menu
[    0.697739] PCCT header not found.
[    0.699359] ACPI: bus type PCI registered
[    0.701577] acpiphp: ACPI Hot Plug PCI Controller Driver version: 0.5
[    0.704265] PCI: Using configuration type 1 for base access
[    0.719970] ACPI: Added _OSI(Module Device)
[    0.721761] ACPI: Added _OSI(Processor Device)
[    0.723585] ACPI: Added _OSI(3.0 _SCP Extensions)
[    0.725527] ACPI: Added _OSI(Processor Aggregator Device)
[    0.728905] ACPI: Executed 1 blocks of module-level executable AML code
[    0.735717] ACPI: Interpreter enabled
[    0.737341] ACPI: (supports S0 S5)
[    0.738800] ACPI: Using IOAPIC for interrupt routing
[    0.741364] PCI: Using host bridge windows from ACPI; if necessary, use "pci=nocrs" and report a bug
[    0.752869] ACPI: PCI Root Bridge [PCI0] (domain 0000 [bus 00-ff])
[    0.754629] acpi PNP0A03:00: _OSC: OS supports [ASPM ClockPM Segments MSI]
[    0.756898] acpi PNP0A03:00: _OSC: not requesting OS control; OS requires [ExtendedConfig ASPM ClockPM MSI]
[    0.761101] acpi PNP0A03:00: fail to add MMCONFIG information, can't access extended PCI configuration space under this bridge.
[    0.767228] PCI host bridge to bus 0000:00
[    0.768889] pci_bus 0000:00: root bus resource [io  0x0000-0x0cf7 window]
[    0.771652] pci_bus 0000:00: root bus resource [io  0x0d00-0xffff window]
[    0.774359] pci_bus 0000:00: root bus resource [mem 0x000a0000-0x000bffff window]
[    0.777835] pci_bus 0000:00: root bus resource [mem 0x40000000-0xfdffffff window]
[    0.781568] pci_bus 0000:00: root bus resource [bus 00-ff]
[    0.787382] pci 0000:00:01.1: legacy IDE quirk: reg 0x10: [io  0x01f0-0x01f7]
[    0.790119] pci 0000:00:01.1: legacy IDE quirk: reg 0x14: [io  0x03f6]
[    0.791884] pci 0000:00:01.1: legacy IDE quirk: reg 0x18: [io  0x0170-0x0177]
[    0.794023] pci 0000:00:01.1: legacy IDE quirk: reg 0x1c: [io  0x0376]
[    0.844626] pci 0000:00:07.0: quirk: [io  0x4000-0x403f] claimed by PIIX4 ACPI
[    0.848144] pci 0000:00:07.0: quirk: [io  0x4100-0x410f] claimed by PIIX4 SMB
[    0.862060] ACPI: PCI Interrupt Link [LNKA] (IRQs 5 9 10 *11)
[    0.865482] ACPI: PCI Interrupt Link [LNKB] (IRQs 5 9 *10 11)
[    0.869349] ACPI: PCI Interrupt Link [LNKC] (IRQs 5 *9 10 11)
[    0.872971] ACPI: PCI Interrupt Link [LNKD] (IRQs 5 9 10 *11)
[    0.876591] ACPI: Enabled 2 GPEs in block 00 to 07
[    0.879488] vgaarb: setting as boot device: PCI:0000:00:02.0
[    0.882528] vgaarb: device added: PCI:0000:00:02.0,decodes=io+mem,owns=io+mem,locks=none
[    0.885751] vgaarb: loaded
[    0.887192] vgaarb: bridge control possible 0000:00:02.0
[    0.889346] SCSI subsystem initialized
[    0.891393] ACPI: bus type USB registered
[    0.893311] usbcore: registered new interface driver usbfs
[    0.895487] usbcore: registered new interface driver hub
[    0.897704] usbcore: registered new device driver usb
[    0.900208] PCI: Using ACPI for IRQ routing
[    0.902783] NetLabel: Initializing
[    0.904285] NetLabel:  domain hash size = 128
[    0.906132] NetLabel:  protocols = UNLABELED CIPSOv4
[    0.915543] NetLabel:  unlabeled traffic allowed by default
[    0.917851] amd_nb: Cannot enumerate AMD northbridges
[    0.919874] clocksource: Switched to clocksource kvm-clock
[    0.945434] AppArmor: AppArmor Filesystem Enabled
[    0.949639] pnp: PnP ACPI init
[    0.953821] pnp: PnP ACPI: found 3 devices
[    0.968215] clocksource: acpi_pm: mask: 0xffffff max_cycles: 0xffffff, max_idle_ns: 2085701024 ns
[    0.972354] NET: Registered protocol family 2
[    0.974578] TCP established hash table entries: 8192 (order: 4, 65536 bytes)
[    0.977963] TCP bind hash table entries: 8192 (order: 5, 131072 bytes)
[    0.981491] TCP: Hash tables configured (established 8192 bind 8192)
[    0.983785] UDP hash table entries: 512 (order: 2, 16384 bytes)
[    0.985960] UDP-Lite hash table entries: 512 (order: 2, 16384 bytes)
[    0.988671] NET: Registered protocol family 1
[    0.990486] pci 0000:00:00.0: Limiting direct PCI/PCI transfers
[    0.992694] pci 0000:00:01.0: Activating ISA DMA hang workarounds
[    0.995210] Unpacking initramfs...
[    1.487892] Freeing initrd memory: 14844K
[    1.489901] clocksource: tsc: mask: 0xffffffffffffffff max_cycles: 0x229833f6470, max_idle_ns: 440795327230 ns
[    1.493965] platform rtc_cmos: registered platform RTC device (no PNP device found)
[    1.497424] Scanning for low memory corruption every 60 seconds
[    1.500955] audit: initializing netlink subsys (disabled)
[    1.503202] audit: type=2000 audit(1575144707.783:1): initialized
[    1.505208] Initialise system trusted keyring
[    1.506751] HugeTLB registered 2 MB page size, pre-allocated 0 pages
[    1.511292] zbud: loaded
[    1.513811] VFS: Disk quotas dquot_6.6.0
[    1.516138] VFS: Dquot-cache hash table entries: 512 (order 0, 4096 bytes)
[    1.518833] squashfs: version 4.0 (2009/01/31) Phillip Lougher
[    1.521450] fuse init (API version 7.23)
[    1.522801] Key type big_key registered
[    1.524040] Allocating IMA MOK and blacklist keyrings.
[    1.527134] Key type asymmetric registered
[    1.528855] Asymmetric key parser 'x509' registered
[    1.531107] Block layer SCSI generic (bsg) driver version 0.4 loaded (major 249)
[    1.534858] io scheduler noop registered
[    1.536457] io scheduler deadline registered (default)
[    1.538350] io scheduler cfq registered
[    1.539965] pci_hotplug: PCI Hot Plug PCI Core version: 0.5
[    1.541966] pciehp: PCI Express Hot Plug Controller Driver version: 0.4
[    1.544534] ACPI: AC Adapter [AC] (on-line)
[    1.546628] input: Power Button as /devices/LNXSYSTM:00/LNXPWRBN:00/input/input0
[    1.550583] ACPI: Power Button [PWRF]
[    1.552287] input: Sleep Button as /devices/LNXSYSTM:00/LNXSLPBN:00/input/input1
[    1.554721] ACPI: Sleep Button [SLPF]
[    1.556180] GHES: HEST is not enabled!
[    1.557248] ACPI: Battery Slot [BAT0] (battery present)
[    1.559886] Serial: 8250/16550 driver, 32 ports, IRQ sharing enabled
[    1.583545] 00:02: ttyS0 at I/O 0x3f8 (irq = 4, base_baud = 115200) is a 16550A
[    1.588712] Linux agpgart interface v0.103
[    1.592901] loop: module loaded
[    1.594685] scsi host0: ata_piix
[    1.596162] scsi host1: ata_piix
[    1.597692] ata1: PATA max UDMA/33 cmd 0x1f0 ctl 0x3f6 bmdma 0xd000 irq 14
[    1.600351] ata2: PATA max UDMA/33 cmd 0x170 ctl 0x376 bmdma 0xd008 irq 15
[    1.603326] libphy: Fixed MDIO Bus: probed
[    1.605008] tun: Universal TUN/TAP device driver, 1.6
[    1.607079] tun: (C) 1999-2004 Max Krasnyansky <maxk@qualcomm.com>
[    1.609522] PPP generic driver version 2.4.2
[    1.611707] ehci_hcd: USB 2.0 'Enhanced' Host Controller (EHCI) Driver
[    1.615106] ehci-pci: EHCI PCI platform driver
[    1.616770] ehci-platform: EHCI generic platform driver
[    1.618874] ohci_hcd: USB 1.1 'Open' Host Controller (OHCI) Driver
[    1.621310] ohci-pci: OHCI PCI platform driver
[    1.623099] ohci-platform: OHCI generic platform driver
[    1.625231] uhci_hcd: USB Universal Host Controller Interface driver
[    1.627922] i8042: PNP: PS/2 Controller [PNP0303:PS2K,PNP0f03:PS2M] at 0x60,0x64 irq 1,12
[    1.632272] serio: i8042 KBD port at 0x60,0x64 irq 1
[    1.634542] serio: i8042 AUX port at 0x60,0x64 irq 12
[    1.636735] mousedev: PS/2 mouse device common for all mice
[    1.639461] input: AT Translated Set 2 keyboard as /devices/platform/i8042/serio0/input/input2
[    1.642734] rtc_cmos rtc_cmos: rtc core: registered rtc_cmos as rtc0
[    1.644756] rtc_cmos rtc_cmos: alarms up to one day, 114 bytes nvram
[    1.647696] i2c /dev entries driver
[    1.649447] device-mapper: uevent: version 1.0.3
[    1.651502] device-mapper: ioctl: 4.34.0-ioctl (2015-10-28) initialised: dm-devel@redhat.com
[    1.655027] ledtrig-cpu: registered to indicate activity on CPUs
[    1.658113] NET: Registered protocol family 10
[    1.660463] NET: Registered protocol family 17
[    1.662474] Key type dns_resolver registered
[    1.664561] registered taskstats version 1
[    1.666512] Loading compiled-in X.509 certificates
[    1.668993] Loaded X.509 cert 'Build time autogenerated kernel key: ef3203c14e3994470d47ef6a7e15c1ade40f8e1e'
[    1.672882] zswap: loaded using pool lzo/zbud
[    1.677471] Key type trusted registered
[    1.683945] Key type encrypted registered
[    1.685586] AppArmor: AppArmor sha1 policy hashing enabled
[    1.687926] ima: No TPM chip found, activating TPM-bypass!
[    1.690237] ima: Allocated hash algorithm: sha1
[    1.692150] evm: HMAC attrs: 0x1
[    1.693998]   Magic number: 11:26:196
[    1.695903] rtc_cmos rtc_cmos: setting system clock to 2019-11-30 20:11:42 UTC (1575144702)
[    1.699944] BIOS EDD facility v0.16 2004-Jun-25, 0 devices found
[    1.702258] EDD information not available.
[    1.771164] Freeing unused kernel memory: 1488K
[    1.773058] Write protecting the kernel read-only data: 14336k
[    1.775939] Freeing unused kernel memory: 1604K
[    1.778796] Freeing unused kernel memory: 60K
Loading, please wait...
starting version 229
[    1.800592] random: systemd-udevd: uninitialized urandom read (16 bytes read, 3 bits of entropy available)
[    1.801469] random: udevadm: uninitialized urandom read (16 bytes read, 3 bits of entropy available)
[    1.801524] random: udevadm: uninitialized urandom read (16 bytes read, 3 bits of entropy available)
[    1.811746] random: systemd-udevd: uninitialized urandom read (16 bytes read, 3 bits of entropy available)
[    1.817607] random: udevadm: uninitialized urandom read (16 bytes read, 3 bits of entropy available)
[    1.817665] random: udevadm: uninitialized urandom read (16 bytes read, 3 bits of entropy available)
[    1.817913] random: udevadm: uninitialized urandom read (16 bytes read, 3 bits of entropy available)
[    1.817998] random: udevadm: uninitialized urandom read (16 bytes read, 3 bits of entropy available)
[    1.818089] random: udevadm: uninitialized urandom read (16 bytes read, 3 bits of entropy available)
[    1.818174] random: udevadm: uninitialized urandom read (16 bytes read, 3 bits of entropy available)
[    1.889806] e1000: Intel(R) PRO/1000 Network Driver - version 7.3.21-k8-NAPI
[    1.892497] e1000: Copyright (c) 1999-2006 Intel Corporation.
[    1.894845] Fusion MPT base driver 3.04.20
[    1.897045] Copyright (c) 1999-2008 LSI Corporation
[    1.912714] Fusion MPT SPI Host driver 3.04.20
[    2.114447] input: ImExPS/2 Generic Explorer Mouse as /devices/platform/i8042/serio1/input/input4
[    2.357397] e1000 0000:00:03.0 eth0: (PCI:33MHz:32-bit) 02:1a:6e:a3:7e:96
[    2.360091] e1000 0000:00:03.0 eth0: Intel(R) PRO/1000 Network Connection
[    2.364934] mptbase: ioc0: Initiating bringup
[    2.367514] e1000 0000:00:03.0 enp0s3: renamed from eth0
[    2.428328] ioc0: LSI53C1030 A0: Capabilities={Initiator}
[    2.590518] scsi host2: ioc0: LSI53C1030 A0, FwRev=00000000h, Ports=1, MaxQ=256, IRQ=20
[    2.704441] scsi 2:0:0:0: Direct-Access     VBOX     HARDDISK         1.0  PQ: 0 ANSI: 5
[    2.708275] scsi target2:0:0: Beginning Domain Validation
[    2.713040] scsi target2:0:0: Domain Validation skipping write tests
[    2.715362] scsi target2:0:0: Ending Domain Validation
[    2.717757] scsi target2:0:0: asynchronous
[    2.719980] scsi 2:0:1:0: Direct-Access     VBOX     HARDDISK         1.0  PQ: 0 ANSI: 5
[    2.722444] scsi target2:0:1: Beginning Domain Validation
[    2.725285] scsi target2:0:1: Domain Validation skipping write tests
[    2.727730] scsi target2:0:1: Ending Domain Validation
[    2.730020] scsi target2:0:1: asynchronous
[    2.739402] sd 2:0:0:0: [sda] 20971520 512-byte logical blocks: (10.7 GB/10.0 GiB)
[    2.761276] sd 2:0:0:0: Attached scsi generic sg0 type 0
[    2.764035] sd 2:0:1:0: [sdb] 20480 512-byte logical blocks: (10.5 MB/10.0 MiB)
[    2.767755] sd 2:0:1:0: Attached scsi generic sg1 type 0
[    2.769910] sd 2:0:1:0: [sdb] Write Protect is off
[    2.771427] sd 2:0:0:0: [sda] Write Protect is off
[    2.772947] sd 2:0:1:0: [sdb] Incomplete mode parameter data
[    2.774932] sd 2:0:1:0: [sdb] Assuming drive cache: write through
[    2.777686] sd 2:0:0:0: [sda] Incomplete mode parameter data
[    2.781601] sd 2:0:0:0: [sda] Assuming drive cache: write through
[    2.787051]  sda: sda1
[    2.789489] sd 2:0:0:0: [sda] Attached SCSI disk
[    2.792309] sd 2:0:1:0: [sdb] Attached SCSI disk
Begin: Loading essential drivers ... [    4.509814] md: linear personality registered for level -1
[    4.516485] md: multipath personality registered for level -4
[    4.522083] md: raid0 personality registered for level 0
[    4.529533] md: raid1 personality registered for level 1
[    4.608361] raid6: sse2x1   gen()  5582 MB/s
[    4.676205] raid6: sse2x1   xor()  5770 MB/s
[    4.744675] raid6: sse2x2   gen()  7692 MB/s
[    4.811947] raid6: sse2x2   xor()  5663 MB/s
[    4.879904] raid6: sse2x4   gen()  8056 MB/s
[    4.948107] raid6: sse2x4   xor()  6358 MB/s
[    5.015986] raid6: avx2x1   gen() 13300 MB/s
[    5.084225] raid6: avx2x2   gen() 13141 MB/s
[    5.152186] raid6: avx2x4   gen() 16611 MB/s
[    5.153929] raid6: using algorithm avx2x4 gen() 16611 MB/s
[    5.156634] raid6: using avx2x2 recovery algorithm
[    5.160163] xor: automatically using best checksumming function:
[    5.200344]    avx       : 19928.000 MB/sec
[    5.204015] async_tx: api initialized (async)
[    5.219670] md: raid6 personality registered for level 6
[    5.221981] md: raid5 personality registered for level 5
[    5.223503] md: raid4 personality registered for level 4
[    5.233229] md: raid10 personality registered for level 10
done.
Begin: Running /scripts/init-premount ... done.
Begin: Mounting root file system ... Begin: Running /scripts/local-top ... done.
Begin: Running /scripts/local-premount ... [    5.280678] Btrfs loaded
Scanning for Btrfs filesystems
done.
Warning: fsck not present, so skipping root file system
[    5.317559] EXT4-fs (sda1): INFO: recovery required on readonly filesystem
[    5.319887] EXT4-fs (sda1): write access will be enabled during recovery
[    5.420200] EXT4-fs (sda1): recovery complete
[    5.422166] EXT4-fs (sda1): mounted filesystem with ordered data mode. Opts: (null)
done.
Begin: Running /scripts/local-bottom ... done.
Begin: Running /scripts/init-bottom ... done.
[    5.596481] systemd[1]: systemd 229 running in system mode. (+PAM +AUDIT +SELINUX +IMA +APPARMOR +SMACK +SYSVINIT +UTMP +LIBCRYPTSETUP +GCRYPT +GNUTLS +ACL +XZ -LZ4 +SECCOMP +BLKID +ELFUTILS +KMOD -IDN)
[    5.603284] systemd[1]: Detected virtualization oracle.
[    5.605511] systemd[1]: Detected architecture x86-64.

Welcome to [1mUbuntu 16.04.6 LTS[0m!

[    5.611621] systemd[1]: Set hostname to <ubuntu-xenial>.
[    5.862776] systemd[1]: Listening on Syslog Socket.
[[0;32m  OK  [0m] Listening on Syslog Socket.
[    5.872224] systemd[1]: Listening on LVM2 metadata daemon socket.
[[0;32m  OK  [0m] Listening on LVM2 metadata daemon socket.
[    5.882246] systemd[1]: Listening on udev Control Socket.
[[0;32m  OK  [0m] Listening on udev Control Socket.
[    5.886101] systemd[1]: Listening on Journal Socket (/dev/log).
[[0;32m  OK  [0m] Listening on Journal Socket (/dev/log).
[    5.901418] systemd[1]: Created slice User and Session Slice.
[[0;32m  OK  [0m] Created slice User and Session Slice.
[    5.921950] systemd[1]: Listening on Journal Socket.
[[0;32m  OK  [0m] Listening on Journal Socket.
[    5.929047] systemd[1]: Set up automount Arbitrary Executable File Formats File System Automount Point.
[[0;32m  OK  [0m] Set up automount Arbitrary Executab...ats File System Automount Point.
[    5.935418] systemd[1]: Reached target System Time Synchronized.
[[0;32m  OK  [0m] Reached target System Time Synchronized.
[    5.944451] systemd[1]: Listening on LVM2 poll daemon socket.
[[0;32m  OK  [0m] Listening on LVM2 poll daemon socket.
[    5.950173] systemd[1]: Reached target Encrypted Volumes.
[[0;32m  OK  [0m] Reached target Encrypted Volumes.
[    5.961352] systemd[1]: Listening on Device-mapper event daemon FIFOs.
[[0;32m  OK  [0m] Listening on Device-mapper event daemon FIFOs.
[    5.970730] systemd[1]: Reached target Swap.
[[0;32m  OK  [0m] Reached target Swap.
[    5.973461] systemd[1]: Created slice System Slice.
[[0;32m  OK  [0m] Created slice System Slice.
[    5.992297] systemd[1]: Starting Create list of required static device nodes for the current kernel...
         Starting Create list of required st... nodes for the current kernel...
[    6.003066] systemd[1]: Mounting POSIX Message Queue File System...
         Mounting POSIX Message Queue File System...
[    6.007977] systemd[1]: Starting Uncomplicated firewall...
         Starting Uncomplicated firewall...
[    6.015769] systemd[1]: Mounting Huge Pages File System...
         Mounting Huge Pages File System...
[    6.029569] systemd[1]: Starting Load Kernel Modules...
         Starting Load Kernel Modules...
[    6.034956] systemd[1]: Mounting Debug File System...
         Mounting Debug File System...
[    6.038727] systemd[1]: Created slice system-serial\x2dgetty.slice.
[[0;32m  OK  [0m] Created slice system-serial\x2dgetty.slice.
[    6.044089] random: nonblocking pool is initialized
[    6.046581] systemd[1]: Starting Nameserver information manager...
         Starting Nameserver information manager...
[    6.062901] systemd[1]: Reached target Slices.
[    6.066178] Loading iSCSI transport class v2.0-870.
[[0;32m  OK  [0m] Reached target Slices.
[    6.079556] systemd[1]: Started Trigger resolvconf update for networkd DNS.
[[0;32m  OK  [0m] Started Trigger resolvconf update for networkd DNS.
[    6.085052] systemd[1]: Starting Set console keymap...
         Starting Set console keymap...
[    6.090806] systemd[1]: Starting Monitoring of LVM2 mirrors, snapshots etc. using dmeventd or progress polling...
         Starting Monitoring of LVM2 mirrors... dmeventd or progress polling...
[    6.108657] systemd[1]: Listening on Journal Audit Socket.
[    6.110553] iscsi: registered transport (tcp)
[[0;32m  OK  [0m] Listening on Journal Audit Socket.
[    6.164519] systemd[1]: Starting Journal Service...
         Starting Journal Service...
[    6.171740] systemd[1]: Listening on /dev/initctl Compatibility Named Pipe.
[[0;32m  OK  [0m] Listening on /dev/initctl Compatibility Named Pipe.
[    6.186348] systemd[1]: Listening on udev Kernel Socket.
[[0;32m  OK  [0m] Listening on udev Kernel Socket.
[    6.217155] EXT4-fs (sda1): re-mounted. Opts: (null)
[    6.220146] systemd[1]: Starting Remount Root and Kernel File Systems...
         Starting Remount Root and Kernel File Systems...
[    6.231472] systemd[1]: Reached target User and Group Name Lookups.
[[0;32m  OK  [0m] Reached target User and Group Name Lookups.
[    6.249329] systemd[1]: Started Forward Password Requests to Wall Directory Watch.
[[0;32m  OK  [0m] Started Forward Password Requests to Wall Directory Watch.
[    6.274047] systemd[1]: Mounted POSIX Message Queue File System.
[[0;32m  OK  [0m] Mounted POSIX Message Queue File System.
[    6.289595] systemd[1]: Mounted Debug File System.
[[0;32m  OK  [0m] Mounted Debug File System.
[    6.300036] systemd[1]: Mounted Huge Pages File System.
[[0;32m  OK  [0m] Mounted Huge Pages File System.
[    6.305385] systemd[1]: Started Journal Service.
[[0;32m  OK  [0m] Started Journal Service.
[[0;32m  OK  [0m] Started Create list of required sta...ce nodes for the current kernel.
[[0;32m  OK  [0m] Started Uncomplicated firewall.
[    6.322001] iscsi: registered transport (iser)
[[0;32m  OK  [0m] Started Load Kernel Modules.
[[0;32m  OK  [0m] Started Remount Root and Kernel File Systems.
[[0;32m  OK  [0m] Started Nameserver information manager.
[[0;32m  OK  [0m] Started Set console keymap.
[[0;32m  OK  [0m] Started LVM2 metadata daemon.
         Starting Load/Save Random Seed...
         Starting udev Coldplug all Devices...
         Starting Apply Kernel Variables...
         Mounting FUSE Control File System...
         Starting Create Static Device Nodes in /dev...
         Starting Flush Journal to Persistent Storage...
[[0;32m  OK  [0m] Mounted FUSE Control File System.
[[0;32m  OK  [0m] Started Load/Save Random Seed.
[[0;32m  OK  [0m] Started Apply Kernel Variables.
[[0;32m  OK  [0m] Started Create Static Device Nodes in /dev.
[[0;32m  OK  [0m] Started udev Coldplug all Devices.
[[0;32m  OK  [0m] Started Flush Journal to Persistent Storage.
[[0;32m  OK  [0m] Started Monitoring of LVM2 mirrors,...ng dmeventd or progress polling.
         Starting udev Kernel Device Manager...
[[0;32m  OK  [0m] Reached target Local File Systems (Pre).
[[0;32m  OK  [0m] Reached target Local File Systems.
         Starting Tell Plymouth To Write Out Runtime Data...
         Starting Initial cloud-init job (pre-networking)...
         Starting Create Volatile Files and Directories...
         Starting LSB: AppArmor initialization...
         Starting Set console font and keymap...
[[0;32m  OK  [0m] Started Tell Plymouth To Write Out Runtime Data.
[[0;32m  OK  [0m] Started Create Volatile Files and Directories.
[[0;32m  OK  [0m] Started udev Kernel Device Manager.
[[0;32m  OK  [0m] Started Dispatch Password Requests to Console Directory Watch.
         Starting Update UTMP about System Boot/Shutdown...
[[0;32m  OK  [0m] Started Update UTMP about System Boot/Shutdown.
[[0;32m  OK  [0m] Started LSB: AppArmor initialization.
[[0;32m  OK  [0m] Found device /dev/ttyS0.
[[0;32m  OK  [0m] Listening on Load/Save RF Kill Switch Status /dev/rfkill Watch.
[[0;32m  OK  [0m] Found device 82540EM Gigabit Ethern...r (PRO/1000 MT Desktop Adapter).
[[0;32m  OK  [0m] Started Set console font and keymap.
[[0;32m  OK  [0m] Created slice system-getty.slice.
[    9.722400] cloud-init[448]: Cloud-init v. 19.2-36-g059d049c-0ubuntu2~16.04.1 running 'init-local' at Sat, 30 Nov 2019 20:11:50 +0000. Up 8.95 seconds.
[[0;32m  OK  [0m] Started Initial cloud-init job (pre-networking).
[[0;32m  OK  [0m] Reached target Network (Pre).
         Starting Raise network interfaces...
[[0;32m  OK  [0m] Started ifup for enp0s3.
[[0;32m  OK  [0m] Started Raise network interfaces.
[[0;32m  OK  [0m] Reached target Network.
         Starting Initial cloud-init job (metadata service crawler)...
[   12.169337] cloud-init[953]: Cloud-init v. 19.2-36-g059d049c-0ubuntu2~16.04.1 running 'init' at Sat, 30 Nov 2019 20:11:52 +0000. Up 11.33 seconds.
[   12.172981] cloud-init[953]: ci-info: ++++++++++++++++++++++++++++++++++++++Net device info++++++++++++++++++++++++++++++++++++++
[   12.179207] cloud-init[953]: ci-info: +--------+------+----------------------------+---------------+--------+-------------------+
[   12.182334] cloud-init[953]: ci-info: | Device |  Up  |          Address           |      Mask     | Scope  |     Hw-Address    |
[   12.186332] cloud-init[953]: ci-info: +--------+------+----------------------------+---------------+--------+-------------------+
[   12.211465] cloud-init[953]: ci-info: | enp0s3 | True |         10.0.2.15          | 255.255.255.0 | global | 02:1a:6e:a3:7e:96 |
[   12.214840] cloud-init[953]: ci-info: | enp0s3 | True | fe80::1a:6eff:fea3:7e96/64 |       .       |  link  | 02:1a:6e:a3:7e:96 |
[   12.218274] cloud-init[953]: ci-info: |   lo   | True |         127.0.0.1          |   255.0.0.0   |  host  |         .         |
[   12.221646] cloud-init[953]: ci-info: |   lo   | True |          ::1/128           |       .       |  host  |         .         |
[   12.227751] cloud-init[953]: ci-info: +--------+------+----------------------------+---------------+--------+-------------------+
[   12.231329] cloud-init[953]: ci-info: +++++++++++++++++++++++++++Route IPv4 info++++++++++++++++++++++++++++
[   12.234162] cloud-init[953]: ci-info: +-------+-------------+----------+---------------+-----------+-------+
[   12.236925] cloud-init[953]: ci-info: | Route | Destination | Gateway  |    Genmask    | Interface | Flags |
[   12.245105] cloud-init[953]: ci-info: +-------+-------------+----------+---------------+-----------+-------+
[   12.248409] cloud-init[953]: ci-info: |   0   |   0.0.0.0   | 10.0.2.2 |    0.0.0.0    |   enp0s3  |   UG  |
[   12.251156] cloud-init[953]: ci-info: |   1   |   10.0.2.0  | 0.0.0.0  | 255.255.255.0 |   enp0s3  |   U   |
[   12.254763] cloud-init[953]: ci-info: +-------+-------------+----------+---------------+-----------+-------+
[   12.258934] cloud-init[953]: ci-info: +++++++++++++++++++Route IPv6 info+++++++++++++++++++
[   12.262278] cloud-init[953]: ci-info: +-------+-------------+---------+-----------+-------+
[   12.265368] cloud-init[953]: ci-info: | Route | Destination | Gateway | Interface | Flags |
[   12.269104] cloud-init[953]: ci-info: +-------+-------------+---------+-----------+-------+
[   12.272214] cloud-init[953]: ci-info: |   0   |  fe80::/64  |    ::   |   enp0s3  |   U   |
[   12.276363] cloud-init[953]: ci-info: |   3   |   ff00::/8  |    ::   |   enp0s3  |   U   |
[   12.280414] cloud-init[953]: ci-info: +-------+-------------+---------+-----------+-------+
[[0;32m  OK  [0m] Started Initial cloud-init job (metadata service crawler).
[[0;32m  OK  [0m] Reached target Cloud-config availability.
[[0;32m  OK  [0m] Reached target System Initialization.
         Starting Socket activation for snappy daemon.
[[0;32m  OK  [0m] Started Message of the Day.
[[0;32m  OK  [0m] Listening on D-Bus System Message Bus Socket.
[[0;32m  OK  [0m] Started Daily apt download activities.
[[0;32m  OK  [0m] Started Daily apt upgrade and clean activities.
[[0;32m  OK  [0m] Listening on UUID daemon activation socket.
[[0;32m  OK  [0m] Started Daily Cleanup of Temporary Directories.
         Starting LXD - unix socket.
[[0;32m  OK  [0m] Listening on ACPID Listen Socket.
[[0;32m  OK  [0m] Started ACPI Events Check.
[[0;32m  OK  [0m] Reached target Paths.
[[0;32m  OK  [0m] Reached target Timers.
[[0;32m  OK  [0m] Reached target Network is Online.
         Starting iSCSI initiator daemon (iscsid)...
[[0;32m  OK  [0m] Listening on Socket activation for snappy daemon.
[[0;32m  OK  [0m] Listening on LXD - unix socket.
[[0;32m  OK  [0m] Started iSCSI initiator daemon (iscsid).
         Starting Login to default iSCSI targets...
[[0;32m  OK  [0m] Reached target Sockets.
[[0;32m  OK  [0m] Reached target Basic System.
[[0;32m  OK  [0m] Started FUSE filesystem for LXC.
         Starting System Logging Service...
[[0;32m  OK  [0m] Started D-Bus System Message Bus.
         Starting LXD - container startup/shutdown...
[[0;32m  OK  [0m] Started ACPI event daemon.
         Starting Virtualbox guest utils...
         Starting Accounts Service...
[[0;32m  OK  [0m] Started Regular background program processing daemon.
         Starting Login Service...
         Starting /etc/rc.local Compatibility...
         Starting LSB: MD monitoring daemon...
         Starting OpenBSD Secure Shell server...
         Starting LSB: Record successful boot for GRUB...
[[0;32m  OK  [0m] Started Deferred execution scheduler.
         Starting Snappy daemon...
[[0;32m  OK  [0m] Started System Logging Service.
[[0;32m  OK  [0m] Started /etc/rc.local Compatibility.
[[0;32m  OK  [0m] Started Login to default iSCSI targets.
[[0;32m  OK  [0m] Started OpenBSD Secure Shell server.
[[0;32m  OK  [0m] Started LSB: MD monitoring daemon.
[[0;32m  OK  [0m] Started Login Service.
[[0;32m  OK  [0m] Started Unattended Upgrades Shutdown.
         Starting Authenticate and Authorize Users to Run Privileged Tasks...
[[0;32m  OK  [0m] Reached target Remote File Systems (Pre).
[[0;32m  OK  [0m] Reached target Remote File Systems.
         Starting LSB: automatic crash report generation...
         Starting LSB: daemon to balance interrupts for SMP systems...
         Starting Permit User Sessions...
         Starting LSB: Set the CPU Frequency Scaling governor to "ondemand"...
[[0;32m  OK  [0m] Started LXD - container startup/shutdown.
[[0;32m  OK  [0m] Started LSB: Record successful boot for GRUB.
[[0;32m  OK  [0m] Started Permit User Sessions.
[[0;32m  OK  [0m] Started Authenticate and Authorize Users to Run Privileged Tasks.
[[0;32m  OK  [0m] Started Accounts Service.
[[0;32m  OK  [0m] Started Virtualbox guest utils.
         Starting Hold until boot process finishes up...
         Starting Terminate Plymouth Boot Screen...
[[0;32m  OK  [0m] Started LSB: Set the CPU Frequency Scaling governor to "ondemand".
[[0;32m  OK  [0m] Started Hold until boot process finishes up.
[[0;32m  OK  [0m] Started LSB: automatic crash report generation.
[[0;32m  OK  [0m] Started Terminate Plymouth Boot Screen.
[[0;32m  OK  [0m] Started LSB: daemon to balance interrupts for SMP systems.
[[0;32m  OK  [0m] Started Getty on tty1.
         Starting Set console scheme...
[[0;32m  OK  [0m] Started Serial Getty on ttyS0.
[[0;32m  OK  [0m] Reached target Login Prompts.
[[0;32m  OK  [0m] Started Set console scheme.
[[0;32m  OK  [0m] Started Snappy daemon.
         Starting Wait until snapd is fully seeded...
[[0;32m  OK  [0m] Started Wait until snapd is fully seeded.
         Starting Apply the settings specified in cloud-config...
[[0;32m  OK  [0m] Reached target Multi-User System.
[[0;32m  OK  [0m] Reached target Graphical Interface.
         Starting Update UTMP about System Runlevel Changes...
[[0;32m  OK  [0m] Started Update UTMP about System Runlevel Changes.
[[0;32m  OK  [0m] Created slice User Slice of vagrant.
         Starting User Manager for UID 1000...
[[0;32m  OK  [0m] Started Session 1 of user vagrant.
[[0;32m  OK  [0m] Started User Manager for UID 1000.
[   14.788408] cloud-init[1215]: Cloud-init v. 19.2-36-g059d049c-0ubuntu2~16.04.1 running 'modules:config' at Sat, 30 Nov 2019 20:11:55 +0000. Up 14.49 seconds.
[[0;32m  OK  [0m] Started Apply the settings specified in cloud-config.
         Starting Execute cloud user/final scripts...
[   16.125786] cloud-init[1304]: Cloud-init v. 19.2-36-g059d049c-0ubuntu2~16.04.1 running 'modules:final' at Sat, 30 Nov 2019 20:11:56 +0000. Up 15.78 seconds.
[   16.129926] cloud-init[1304]: Cloud-init v. 19.2-36-g059d049c-0ubuntu2~16.04.1 finished at Sat, 30 Nov 2019 20:11:57 +0000. Datasource DataSourceNoCloud [seed=/dev/sdb][dsmode=net].  Up 16.10 seconds
[[0;32m  OK  [0m] Started Execute cloud user/final scripts.
         Starting Daily apt download activities...
[[0;32m  OK  [0m] Reached target Cloud-init target.
[[0;32m  OK  [0m] Started Daily apt download activities.

Ubuntu 16.04.6 LTS ubuntu-xenial ttyS0

ubuntu-xenial login: 